<?xml version='1.0' encoding='UTF-8'?>
<testsuite hostname="EPHUBUDW053E" name="fix.RuleSuite" tests="3" errors="0" failures="0" skipped="0" time="1.399" timestamp="2022-10-09T21:10:42">
          <properties>
[...]
</properties>
          <testcase classname="fix.RuleSuite" name="fix/Scalafixmyrules.scala" time="1.145">
                      
                    </testcase><testcase classname="fix.RuleSuite" name="fix/SimpleGraph.scala" time="0.235">
                      
                    </testcase><testcase classname="fix.RuleSuite" name="fix/ScalafixmyrulesSignificantIndentation.scala" time="0.019">
                      
                    </testcase>
          <system-out><![CDATA[]]></system-out>
          <system-err><![CDATA[]]></system-err>
        </testsuite>